c:\users\amir\source\repos\databasesystemsex01\databasesystemsex01\debug\vc141.pdb
c:\users\amir\source\repos\databasesystemsex01\databasesystemsex01\debug\vc141.idb
c:\users\amir\source\repos\databasesystemsex01\databasesystemsex01\debug\table.obj
c:\users\amir\source\repos\databasesystemsex01\databasesystemsex01\debug\databasesystemex01.obj
c:\users\amir\source\repos\databasesystemsex01\databasesystemsex01\debug\attribute.obj
c:\users\amir\source\repos\databasesystemsex01\databasesystemsex01\debug\database.obj
c:\users\amir\source\repos\databasesystemsex01\databasesystemsex01\debug\main.obj
c:\users\amir\source\repos\databasesystemsex01\debug\databasesystemsex01.ilk
c:\users\amir\source\repos\databasesystemsex01\debug\databasesystemsex01.exe
c:\users\amir\source\repos\databasesystemsex01\debug\databasesystemsex01.pdb
c:\users\amir\source\repos\databasesystemsex01\debug\databasesystems_sqlparser.ilk
c:\users\amir\source\repos\databasesystemsex01\debug\databasesystems_sqlparser.exe
c:\users\amir\source\repos\databasesystemsex01\debug\databasesystems_sqlparser.pdb
c:\users\amir\source\repos\databasesystemsex01\databasesystemsex01\debug\attribute.obj.enc
c:\users\amir\source\repos\databasesystemsex01\databasesystemsex01\debug\database.dd4f17f5.tlog\cl.command.1.tlog
c:\users\amir\source\repos\databasesystemsex01\databasesystemsex01\debug\database.dd4f17f5.tlog\cl.read.1.tlog
c:\users\amir\source\repos\databasesystemsex01\databasesystemsex01\debug\database.dd4f17f5.tlog\cl.write.1.tlog
c:\users\amir\source\repos\databasesystemsex01\databasesystemsex01\debug\database.dd4f17f5.tlog\link.command.1.tlog
c:\users\amir\source\repos\databasesystemsex01\databasesystemsex01\debug\database.dd4f17f5.tlog\link.read.1.tlog
c:\users\amir\source\repos\databasesystemsex01\databasesystemsex01\debug\database.dd4f17f5.tlog\link.write.1.tlog
